<?xml version="1.0" encoding="UTF-8"?>
<!-- Generated by org.testng.reporters.JUnitXMLReporter -->
<testsuite ignored="0" hostname="LAPTOP-JMEP1M58" failures="0" tests="6" name="Cart Tests" time="156.784" errors="0" timestamp="2025-10-07T05:45:20 IST">
  <testcase classname="test.CartTests" name="testAddingProductsToCart" time="22.26"/>
  <testcase classname="test.CartTests" name="testUpdatingProductQuantityInCart" time="25.307"/>
  <testcase classname="test.CartTests" name="testRemovingProductsFromCart" time="25.348"/>
  <testcase classname="test.CartTests" name="testCartTotalCalculation" time="22.221"/>
  <testcase classname="test.CartTests" name="testEmptyCartMessage" time="6.245"/>
  <testcase classname="test.CartTests" name="testCartIconBadgeUpdate" time="23.177"/>
</testsuite> <!-- Cart Tests -->
