<?xml version="1.0" encoding="UTF-8"?>
<!-- Generated by org.testng.reporters.JUnitXMLReporter -->
<testsuite ignored="0" hostname="LAPTOP-JMEP1M58" failures="2" tests="5" name="Checkout Tests" time="158.5" errors="0" timestamp="2025-10-07T05:47:58 IST">
  <testcase classname="test.CheckoutTests" name="testCheckoutButtonFunctionality" time="9.397"/>
  <testcase classname="test.CheckoutTests" name="testShippingFormValidation" time="11.392">
    <failure type="java.lang.AssertionError" message="Shipping form fields should be present expected [true] but found [false]">
      <![CDATA[java.lang.AssertionError: Shipping form fields should be present expected [true] but found [false]
at test.CheckoutTests.testShippingFormValidation(CheckoutTests.java:77)
at java.base/java.util.ArrayList.forEach(ArrayList.java:1511)
... Removed 30 stack frames]]>
    </failure>
  </testcase> <!-- testShippingFormValidation -->
  <testcase classname="test.CheckoutTests" name="testPaymentMethodSelection" time="11.943"/>
  <testcase classname="test.CheckoutTests" name="testOrderSummaryInCheckout" time="9.379"/>
  <testcase classname="test.CheckoutTests" name="testOrderConfirmation" time="13.971">
    <failure type="java.lang.AssertionError" message="Shipping form should be filled and ready expected [true] but found [false]">
      <![CDATA[java.lang.AssertionError: Shipping form should be filled and ready expected [true] but found [false]
at test.CheckoutTests.testOrderConfirmation(CheckoutTests.java:142)
at java.base/java.util.ArrayList.forEach(ArrayList.java:1511)
... Removed 30 stack frames]]>
    </failure>
  </testcase> <!-- testOrderConfirmation -->
</testsuite> <!-- Checkout Tests -->
