<?xml version="1.0" encoding="UTF-8"?>
<!-- Generated by org.testng.reporters.JUnitXMLReporter -->
<testsuite ignored="0" hostname="LAPTOP-JMEP1M58" failures="0" tests="3" name="Home Page Tests" time="45.69" errors="0" timestamp="2025-10-07T05:39:52 IST">
  <testcase classname="test.HomePageTests" name="testHomepageLoadsCorrectly" time="4.573"/>
  <testcase classname="test.HomePageTests" name="testNavigationMenuItems" time="8.757"/>
  <testcase classname="test.HomePageTests" name="testProductCategoriesDisplay" time="15.519"/>
</testsuite> <!-- Home Page Tests -->
