<?xml version="1.0" encoding="UTF-8"?>
<!-- Generated by org.testng.reporters.JUnitXMLReporter -->
<testsuite ignored="0" hostname="LAPTOP-JMEP1M58" failures="0" tests="20" name="Firefox Tests" time="0.353" errors="0" timestamp="2025-10-02T12:27:48 IST">
  <testcase classname="test.HomePageTests" name="testFeaturedProductsDisplay" time="0.001">
    <skipped/>
  </testcase> <!-- testFeaturedProductsDisplay -->
  <testcase classname="test.HomePageTests" name="testHomePageLoads" time="0.002">
    <skipped/>
  </testcase> <!-- testHomePageLoads -->
  <testcase classname="test.HomePageTests" name="testNavigationMenuPresence" time="0.0">
    <skipped/>
  </testcase> <!-- testNavigationMenuPresence -->
  <testcase classname="test.HomePageTests" name="testProductCategoriesDisplay" time="0.0">
    <skipped/>
  </testcase> <!-- testProductCategoriesDisplay -->
  <testcase classname="test.HomePageTests" name="testSearchFunctionality" time="0.0">
    <skipped/>
  </testcase> <!-- testSearchFunctionality -->
  <testcase classname="test.ProductTests" name="testAddProductToCartFromDetailsPage" time="0.0">
    <skipped/>
  </testcase> <!-- testAddProductToCartFromDetailsPage -->
  <testcase classname="test.ProductTests" name="testProductDetailPageElements" time="0.0">
    <skipped/>
  </testcase> <!-- testProductDetailPageElements -->
  <testcase classname="test.ProductTests" name="testProductFiltering" time="0.0">
    <skipped/>
  </testcase> <!-- testProductFiltering -->
  <testcase classname="test.ProductTests" name="testProductGridDisplay" time="0.0">
    <skipped/>
  </testcase> <!-- testProductGridDisplay -->
  <testcase classname="test.ProductTests" name="testProductImageGallery" time="0.0">
    <skipped/>
  </testcase> <!-- testProductImageGallery -->
  <testcase classname="test.CartTests" name="testAddingProductsToCart" time="0.0">
    <skipped/>
  </testcase> <!-- testAddingProductsToCart -->
  <testcase classname="test.CartTests" name="testCartTotalCalculation" time="0.0">
    <skipped/>
  </testcase> <!-- testCartTotalCalculation -->
  <testcase classname="test.CartTests" name="testEmptyCartMessage" time="0.0">
    <skipped/>
  </testcase> <!-- testEmptyCartMessage -->
  <testcase classname="test.CartTests" name="testRemovingProductsFromCart" time="0.0">
    <skipped/>
  </testcase> <!-- testRemovingProductsFromCart -->
  <testcase classname="test.CartTests" name="testUpdateProductQuantity" time="0.0">
    <skipped/>
  </testcase> <!-- testUpdateProductQuantity -->
  <testcase classname="test.CheckoutTests" name="testCheckoutButtonFunctionality" time="0.0">
    <skipped/>
  </testcase> <!-- testCheckoutButtonFunctionality -->
  <testcase classname="test.CheckoutTests" name="testOrderConfirmation" time="0.0">
    <skipped/>
  </testcase> <!-- testOrderConfirmation -->
  <testcase classname="test.CheckoutTests" name="testOrderSummaryInCheckout" time="0.0">
    <skipped/>
  </testcase> <!-- testOrderSummaryInCheckout -->
  <testcase classname="test.CheckoutTests" name="testPaymentMethodSelection" time="0.0">
    <skipped/>
  </testcase> <!-- testPaymentMethodSelection -->
  <testcase classname="test.CheckoutTests" name="testShippingFormValidation" time="0.0">
    <skipped/>
  </testcase> <!-- testShippingFormValidation -->
</testsuite> <!-- Firefox Tests -->
